# JRE version: OpenJDK Runtime Environment (11.0.15) (build 11.0.15+0-b2043.56-9505619)
# Java VM: OpenJDK 64-Bit Server VM (11.0.15+0-b2043.56-9505619, mixed mode, tiered, compressed oops, g1 gc, windows-amd64)
Heap:
 garbage-first heap   total 374784K, used 251453K [0x0000000080000000, 0x0000000100000000)
  region size 1024K, 41 young (41984K), 2 survivors (2048K)
 Metaspace       used 136813K, capacity 140574K, committed 140836K, reserved 1171456K
  class space    used 17032K, capacity 18415K, committed 18432K, reserved 1048576K
GC Heap History (20 events):
Event: 6956.777 GC heap before
{Heap before GC invocations=96 (full 0):
 garbage-first heap   total 312320K, used 237104K [0x0000000080000000, 0x0000000100000000)
  region size 1024K, 20 young (20480K), 4 survivors (4096K)
 Metaspace       used 122337K, capacity 125527K, committed 125732K, reserved 1159168K
  class space    used 15287K, capacity 16479K, committed 16640K, reserved 1048576K
}
Event: 6956.783 GC heap after
{Heap after GC invocations=97 (full 0):
 garbage-first heap   total 312320K, used 228352K [0x0000000080000000, 0x0000000100000000)
  region size 1024K, 4 young (4096K), 4 survivors (4096K)
 Metaspace       used 122337K, capacity 125527K, committed 125732K, reserved 1159168K
  class space    used 15287K, capacity 16479K, committed 16640K, reserved 1048576K
}
Event: 6956.923 GC heap before
{Heap before GC invocations=97 (full 0):
 garbage-first heap   total 312320K, used 268288K [0x0000000080000000, 0x0000000100000000)
  region size 1024K, 27 young (27648K), 4 survivors (4096K)
 Metaspace       used 122825K, capacity 126104K, committed 126244K, reserved 1159168K
  class space    used 15344K, capacity 16548K, committed 16640K, reserved 1048576K
}
Event: 6956.928 GC heap after
{Heap after GC invocations=98 (full 0):
 garbage-first heap   total 312320K, used 232201K [0x0000000080000000, 0x0000000100000000)
  region size 1024K, 4 young (4096K), 4 survivors (4096K)
 Metaspace       used 122825K, capacity 126104K, committed 126244K, reserved 1159168K
  class space    used 15344K, capacity 16548K, committed 16640K, reserved 1048576K
}
Event: 6957.049 GC heap before
{Heap before GC invocations=99 (full 0):
 garbage-first heap   total 312320K, used 255753K [0x0000000080000000, 0x0000000100000000)
  region size 1024K, 27 young (27648K), 4 survivors (4096K)
 Metaspace       used 124478K, capacity 127822K, committed 127908K, reserved 1161216K
  class space    used 15483K, capacity 16728K, committed 16768K, reserved 1048576K
}
Event: 6957.053 GC heap after
{Heap after GC invocations=100 (full 0):
 garbage-first heap   total 312320K, used 236027K [0x0000000080000000, 0x0000000100000000)
  region size 1024K, 4 young (4096K), 4 survivors (4096K)
 Metaspace       used 124478K, capacity 127822K, committed 127908K, reserved 1161216K
  class space    used 15483K, capacity 16728K, committed 16768K, reserved 1048576K
}
Event: 6957.163 GC heap before
{Heap before GC invocations=100 (full 0):
 garbage-first heap   total 312320K, used 257531K [0x0000000080000000, 0x0000000100000000)
  region size 1024K, 26 young (26624K), 4 survivors (4096K)
 Metaspace       used 125768K, capacity 129208K, committed 129316K, reserved 1161216K
  class space    used 15601K, capacity 16868K, committed 16896K, reserved 1048576K
}
Event: 6957.168 GC heap after
{Heap after GC invocations=101 (full 0):
 garbage-first heap   total 312320K, used 239149K [0x0000000080000000, 0x0000000100000000)
  region size 1024K, 4 young (4096K), 4 survivors (4096K)
 Metaspace       used 125768K, capacity 129208K, committed 129316K, reserved 1161216K
  class space    used 15601K, capacity 16868K, committed 16896K, reserved 1048576K
}
Event: 6957.265 GC heap before
{Heap before GC invocations=101 (full 0):
 garbage-first heap   total 312320K, used 247341K [0x0000000080000000, 0x0000000100000000)
  region size 1024K, 26 young (26624K), 4 survivors (4096K)
 Metaspace       used 125897K, capacity 129302K, committed 129572K, reserved 1163264K
  class space    used 15596K, capacity 16858K, committed 16896K, reserved 1048576K
}
Event: 6957.269 GC heap after
{Heap after GC invocations=102 (full 0):
 garbage-first heap   total 374784K, used 227526K [0x0000000080000000, 0x0000000100000000)
  region size 1024K, 3 young (3072K), 3 survivors (3072K)
 Metaspace       used 125897K, capacity 129302K, committed 129572K, reserved 1163264K
  class space    used 15596K, capacity 16858K, committed 16896K, reserved 1048576K
}
Event: 6957.378 GC heap before
{Heap before GC invocations=103 (full 0):
 garbage-first heap   total 374784K, used 275654K [0x0000000080000000, 0x0000000100000000)
  region size 1024K, 51 young (52224K), 3 survivors (3072K)
 Metaspace       used 126658K, capacity 130102K, committed 130468K, reserved 1163264K
  class space    used 15667K, capacity 16908K, committed 17024K, reserved 1048576K
}
Event: 6957.381 GC heap after
{Heap after GC invocations=104 (full 0):
 garbage-first heap   total 374784K, used 227931K [0x0000000080000000, 0x0000000100000000)
  region size 1024K, 3 young (3072K), 3 survivors (3072K)
 Metaspace       used 126658K, capacity 130102K, committed 130468K, reserved 1163264K
  class space    used 15667K, capacity 16908K, committed 17024K, reserved 1048576K
}
Event: 6957.434 GC heap before
{Heap before GC invocations=104 (full 0):
 garbage-first heap   total 374784K, used 242267K [0x0000000080000000, 0x0000000100000000)
  region size 1024K, 18 young (18432K), 3 survivors (3072K)
 Metaspace       used 127617K, capacity 131086K, committed 131364K, reserved 1163264K
  class space    used 15788K, capacity 17045K, committed 17152K, reserved 1048576K
}
Event: 6957.438 GC heap after
{Heap after GC invocations=105 (full 0):
 garbage-first heap   total 374784K, used 214903K [0x0000000080000000, 0x0000000100000000)
  region size 1024K, 3 young (3072K), 3 survivors (3072K)
 Metaspace       used 127617K, capacity 131086K, committed 131364K, reserved 1163264K
  class space    used 15788K, capacity 17045K, committed 17152K, reserved 1048576K
}
Event: 6957.745 GC heap before
{Heap before GC invocations=105 (full 0):
 garbage-first heap   total 374784K, used 272247K [0x0000000080000000, 0x0000000100000000)
  region size 1024K, 60 young (61440K), 3 survivors (3072K)
 Metaspace       used 128875K, capacity 132377K, committed 132516K, reserved 1165312K
  class space    used 15923K, capacity 17195K, committed 17280K, reserved 1048576K
}
Event: 6957.750 GC heap after
{Heap after GC invocations=106 (full 0):
 garbage-first heap   total 374784K, used 216454K [0x0000000080000000, 0x0000000100000000)
  region size 1024K, 5 young (5120K), 5 survivors (5120K)
 Metaspace       used 128875K, capacity 132377K, committed 132516K, reserved 1165312K
  class space    used 15923K, capacity 17195K, committed 17280K, reserved 1048576K
}
Event: 6959.828 GC heap before
{Heap before GC invocations=107 (full 0):
 garbage-first heap   total 374784K, used 277894K [0x0000000080000000, 0x0000000100000000)
  region size 1024K, 66 young (67584K), 5 survivors (5120K)
 Metaspace       used 129848K, capacity 133408K, committed 133668K, reserved 1165312K
  class space    used 16038K, capacity 17342K, committed 17408K, reserved 1048576K
}
Event: 6959.836 GC heap after
{Heap after GC invocations=108 (full 0):
 garbage-first heap   total 374784K, used 219473K [0x0000000080000000, 0x0000000100000000)
  region size 1024K, 8 young (8192K), 8 survivors (8192K)
 Metaspace       used 129848K, capacity 133408K, committed 133668K, reserved 1165312K
  class space    used 16038K, capacity 17342K, committed 17408K, reserved 1048576K
}
Event: 6959.868 GC heap before
{Heap before GC invocations=108 (full 0):
 garbage-first heap   total 374784K, used 228689K [0x0000000080000000, 0x0000000100000000)
  region size 1024K, 18 young (18432K), 8 survivors (8192K)
 Metaspace       used 130002K, capacity 133583K, committed 133668K, reserved 1165312K
  class space    used 16076K, capacity 17379K, committed 17408K, reserved 1048576K
}
Event: 6959.875 GC heap after
{Heap after GC invocations=109 (full 0):
 garbage-first heap   total 374784K, used 213565K [0x0000000080000000, 0x0000000100000000)
  region size 1024K, 2 young (2048K), 2 survivors (2048K)
 Metaspace       used 130002K, capacity 133583K, committed 133668K, reserved 1165312K
  class space    used 16076K, capacity 17379K, committed 17408K, reserved 1048576K
}

