# JRE version: OpenJDK Runtime Environment (11.0.15) (build 11.0.15+0-b2043.56-9505619)
# Java VM: OpenJDK 64-Bit Server VM (11.0.15+0-b2043.56-9505619, mixed mode, tiered, compressed oops, g1 gc, windows-amd64)
Heap:
 garbage-first heap   total 260096K, used 157996K [0x0000000080000000, 0x0000000100000000)
  region size 1024K, 111 young (113664K), 15 survivors (15360K)
 Metaspace       used 75335K, capacity 77185K, committed 77340K, reserved 1116160K
  class space    used 9785K, capacity 10505K, committed 10604K, reserved 1048576K
GC Heap History (18 events):
Event: 0.485 GC heap before
{Heap before GC invocations=0 (full 0):
 garbage-first heap   total 260096K, used 29696K [0x0000000080000000, 0x0000000100000000)
  region size 1024K, 24 young (24576K), 0 survivors (0K)
 Metaspace       used 9761K, capacity 9960K, committed 10112K, reserved 1058816K
  class space    used 995K, capacity 1069K, committed 1152K, reserved 1048576K
}
Event: 0.487 GC heap after
{Heap after GC invocations=1 (full 0):
 garbage-first heap   total 260096K, used 9172K [0x0000000080000000, 0x0000000100000000)
  region size 1024K, 3 young (3072K), 3 survivors (3072K)
 Metaspace       used 9761K, capacity 9960K, committed 10112K, reserved 1058816K
  class space    used 995K, capacity 1069K, committed 1152K, reserved 1048576K
}
Event: 1.830 GC heap before
{Heap before GC invocations=1 (full 0):
 garbage-first heap   total 260096K, used 107476K [0x0000000080000000, 0x0000000100000000)
  region size 1024K, 100 young (102400K), 3 survivors (3072K)
 Metaspace       used 20755K, capacity 21191K, committed 21296K, reserved 1069056K
  class space    used 2521K, capacity 2685K, committed 2688K, reserved 1048576K
}
Event: 1.836 GC heap after
{Heap after GC invocations=2 (full 0):
 garbage-first heap   total 260096K, used 17070K [0x0000000080000000, 0x0000000100000000)
  region size 1024K, 11 young (11264K), 11 survivors (11264K)
 Metaspace       used 20755K, capacity 21191K, committed 21296K, reserved 1069056K
  class space    used 2521K, capacity 2685K, committed 2688K, reserved 1048576K
}
Event: 1.927 GC heap before
{Heap before GC invocations=3 (full 0):
 garbage-first heap   total 260096K, used 27310K [0x0000000080000000, 0x0000000100000000)
  region size 1024K, 21 young (21504K), 11 survivors (11264K)
 Metaspace       used 22105K, capacity 22556K, committed 22832K, reserved 1069056K
  class space    used 2750K, capacity 2933K, committed 2944K, reserved 1048576K
}
Event: 1.932 GC heap after
{Heap after GC invocations=4 (full 0):
 garbage-first heap   total 260096K, used 17823K [0x0000000080000000, 0x0000000100000000)
  region size 1024K, 1 young (1024K), 1 survivors (1024K)
 Metaspace       used 22105K, capacity 22556K, committed 22832K, reserved 1069056K
  class space    used 2750K, capacity 2933K, committed 2944K, reserved 1048576K
}
Event: 2.479 GC heap before
{Heap before GC invocations=4 (full 0):
 garbage-first heap   total 260096K, used 93599K [0x0000000080000000, 0x0000000100000000)
  region size 1024K, 75 young (76800K), 1 survivors (1024K)
 Metaspace       used 29197K, capacity 29892K, committed 30000K, reserved 1075200K
  class space    used 3860K, capacity 4134K, committed 4224K, reserved 1048576K
}
Event: 2.482 GC heap after
{Heap after GC invocations=5 (full 0):
 garbage-first heap   total 260096K, used 19888K [0x0000000080000000, 0x0000000100000000)
  region size 1024K, 3 young (3072K), 3 survivors (3072K)
 Metaspace       used 29197K, capacity 29892K, committed 30000K, reserved 1075200K
  class space    used 3860K, capacity 4134K, committed 4224K, reserved 1048576K
}
Event: 2.863 GC heap before
{Heap before GC invocations=5 (full 0):
 garbage-first heap   total 260096K, used 55728K [0x0000000080000000, 0x0000000100000000)
  region size 1024K, 39 young (39936K), 3 survivors (3072K)
 Metaspace       used 34911K, capacity 35731K, committed 35888K, reserved 1081344K
  class space    used 4554K, capacity 4887K, committed 4992K, reserved 1048576K
}
Event: 2.869 GC heap after
{Heap after GC invocations=6 (full 0):
 garbage-first heap   total 260096K, used 22277K [0x0000000080000000, 0x0000000100000000)
  region size 1024K, 6 young (6144K), 6 survivors (6144K)
 Metaspace       used 34911K, capacity 35731K, committed 35888K, reserved 1081344K
  class space    used 4554K, capacity 4887K, committed 4992K, reserved 1048576K
}
Event: 3.641 GC heap before
{Heap before GC invocations=7 (full 0):
 garbage-first heap   total 260096K, used 128773K [0x0000000080000000, 0x0000000100000000)
  region size 1024K, 107 young (109568K), 6 survivors (6144K)
 Metaspace       used 44688K, capacity 45762K, committed 46000K, reserved 1089536K
  class space    used 5649K, capacity 6064K, committed 6144K, reserved 1048576K
}
Event: 3.647 GC heap after
{Heap after GC invocations=8 (full 0):
 garbage-first heap   total 260096K, used 29787K [0x0000000080000000, 0x0000000100000000)
  region size 1024K, 13 young (13312K), 13 survivors (13312K)
 Metaspace       used 44688K, capacity 45762K, committed 46000K, reserved 1089536K
  class space    used 5649K, capacity 6064K, committed 6144K, reserved 1048576K
}
Event: 4.376 GC heap before
{Heap before GC invocations=8 (full 0):
 garbage-first heap   total 260096K, used 150619K [0x0000000080000000, 0x0000000100000000)
  region size 1024K, 123 young (125952K), 13 survivors (13312K)
 Metaspace       used 49827K, capacity 51198K, committed 51376K, reserved 1093632K
  class space    used 6324K, capacity 6857K, committed 6912K, reserved 1048576K
}
Event: 4.384 GC heap after
{Heap after GC invocations=9 (full 0):
 garbage-first heap   total 260096K, used 46112K [0x0000000080000000, 0x0000000100000000)
  region size 1024K, 16 young (16384K), 16 survivors (16384K)
 Metaspace       used 49827K, capacity 51198K, committed 51376K, reserved 1093632K
  class space    used 6324K, capacity 6857K, committed 6912K, reserved 1048576K
}
Event: 5.040 GC heap before
{Heap before GC invocations=9 (full 0):
 garbage-first heap   total 260096K, used 114720K [0x0000000080000000, 0x0000000100000000)
  region size 1024K, 84 young (86016K), 16 survivors (16384K)
 Metaspace       used 58664K, capacity 60214K, committed 60240K, reserved 1101824K
  class space    used 7453K, capacity 8072K, committed 8096K, reserved 1048576K
}
Event: 5.050 GC heap after
{Heap after GC invocations=10 (full 0):
 garbage-first heap   total 260096K, used 51437K [0x0000000080000000, 0x0000000100000000)
  region size 1024K, 14 young (14336K), 14 survivors (14336K)
 Metaspace       used 58664K, capacity 60214K, committed 60240K, reserved 1101824K
  class space    used 7453K, capacity 8072K, committed 8096K, reserved 1048576K
}
Event: 5.992 GC heap before
{Heap before GC invocations=11 (full 0):
 garbage-first heap   total 260096K, used 181485K [0x0000000080000000, 0x0000000100000000)
  region size 1024K, 133 young (136192K), 14 survivors (14336K)
 Metaspace       used 67975K, capacity 69626K, committed 69916K, reserved 1110016K
  class space    used 8627K, capacity 9258K, committed 9324K, reserved 1048576K
}
Event: 6.001 GC heap after
{Heap after GC invocations=12 (full 0):
 garbage-first heap   total 260096K, used 60716K [0x0000000080000000, 0x0000000100000000)
  region size 1024K, 15 young (15360K), 15 survivors (15360K)
 Metaspace       used 67975K, capacity 69626K, committed 69916K, reserved 1110016K
  class space    used 8627K, capacity 9258K, committed 9324K, reserved 1048576K
}

