# JRE version: OpenJDK Runtime Environment (11.0.15) (build 11.0.15+0-b2043.56-9505619)
# Java VM: OpenJDK 64-Bit Server VM (11.0.15+0-b2043.56-9505619, mixed mode, tiered, compressed oops, g1 gc, windows-amd64)
Heap:
 garbage-first heap   total 260096K, used 62119K [0x0000000702c00000, 0x0000000800000000)
  region size 1024K, 42 young (43008K), 3 survivors (3072K)
 Metaspace       used 43943K, capacity 44457K, committed 44624K, reserved 1089536K
  class space    used 5166K, capacity 5381K, committed 5500K, reserved 1048576K
GC Heap History (8 events):
Event: 0.560 GC heap before
{Heap before GC invocations=0 (full 0):
 garbage-first heap   total 260096K, used 28672K [0x0000000702c00000, 0x0000000800000000)
  region size 1024K, 24 young (24576K), 0 survivors (0K)
 Metaspace       used 12140K, capacity 12280K, committed 12544K, reserved 1060864K
  class space    used 1120K, capacity 1175K, committed 1280K, reserved 1048576K
}
Event: 0.561 GC heap after
{Heap after GC invocations=1 (full 0):
 garbage-first heap   total 260096K, used 6693K [0x0000000702c00000, 0x0000000800000000)
  region size 1024K, 3 young (3072K), 3 survivors (3072K)
 Metaspace       used 12140K, capacity 12280K, committed 12544K, reserved 1060864K
  class space    used 1120K, capacity 1175K, committed 1280K, reserved 1048576K
}
Event: 1.207 GC heap before
{Heap before GC invocations=1 (full 0):
 garbage-first heap   total 260096K, used 44581K [0x0000000702c00000, 0x0000000800000000)
  region size 1024K, 41 young (41984K), 3 survivors (3072K)
 Metaspace       used 21040K, capacity 21190K, committed 21248K, reserved 1069056K
  class space    used 2221K, capacity 2304K, committed 2304K, reserved 1048576K
}
Event: 1.216 GC heap after
{Heap after GC invocations=2 (full 0):
 garbage-first heap   total 260096K, used 10396K [0x0000000702c00000, 0x0000000800000000)
  region size 1024K, 7 young (7168K), 7 survivors (7168K)
 Metaspace       used 21040K, capacity 21190K, committed 21248K, reserved 1069056K
  class space    used 2221K, capacity 2304K, committed 2304K, reserved 1048576K
}
Event: 2.180 GC heap before
{Heap before GC invocations=3 (full 0):
 garbage-first heap   total 260096K, used 69788K [0x0000000702c00000, 0x0000000800000000)
  region size 1024K, 59 young (60416K), 7 survivors (7168K)
 Metaspace       used 33539K, capacity 33956K, committed 34172K, reserved 1079296K
  class space    used 4142K, capacity 4337K, committed 4476K, reserved 1048576K
}
Event: 2.188 GC heap after
{Heap after GC invocations=4 (full 0):
 garbage-first heap   total 260096K, used 22728K [0x0000000702c00000, 0x0000000800000000)
  region size 1024K, 8 young (8192K), 8 survivors (8192K)
 Metaspace       used 33539K, capacity 33956K, committed 34172K, reserved 1079296K
  class space    used 4142K, capacity 4337K, committed 4476K, reserved 1048576K
}
Event: 2.351 GC heap before
{Heap before GC invocations=4 (full 0):
 garbage-first heap   total 260096K, used 33992K [0x0000000702c00000, 0x0000000800000000)
  region size 1024K, 20 young (20480K), 8 survivors (8192K)
 Metaspace       used 35517K, capacity 35951K, committed 36048K, reserved 1081344K
  class space    used 4343K, capacity 4533K, committed 4604K, reserved 1048576K
}
Event: 2.356 GC heap after
{Heap after GC invocations=5 (full 0):
 garbage-first heap   total 260096K, used 23207K [0x0000000702c00000, 0x0000000800000000)
  region size 1024K, 3 young (3072K), 3 survivors (3072K)
 Metaspace       used 35517K, capacity 35951K, committed 36048K, reserved 1081344K
  class space    used 4343K, capacity 4533K, committed 4604K, reserved 1048576K
}

